<?xml version="1.0" encoding="UTF-8"?>
<!-- Generated by org.testng.reporters.JUnitReportReporter -->
<testsuite hostname="DESKTOP-B5GKPF5" failures="0" tests="2" name="e2eproject.finaldemo.LoginTestCase" time="69.804" errors="0" timestamp="2022-02-24T18:22:31 IST" skipped="0">
  <testcase classname="e2eproject.finaldemo.LoginTestCase" name="Basepagenavigation" time="39.679"/>
  <system-out/>
  <testcase classname="e2eproject.finaldemo.LoginTestCase" name="Basepagenavigation" time="30.125"/>
  <system-out/>
</testsuite> <!-- e2eproject.finaldemo.LoginTestCase -->
